2017-03-16 19:24:03 [ThreadId 3] ERROR phoityne - load file fail.[c:\Users\Martin\Dropbox\FIT\Masters\8.semestr\FLP\Fun_project\bkg/test/Spec.hs] file load error. 'c:\Users\Martin\Dropbox\FIT\Masters\8.semestr\FLP\Fun_project\bkg/test/Spec.hs'
2017-03-16 19:24:03 [ThreadId 3] ERROR phoityne - startup load error. c:\Users\Martin\Dropbox\FIT\Masters\8.semestr\FLP\Fun_project\bkg/test/Spec.hs

2017-03-16 19:25:15 [ThreadId 3] ERROR phoityne - load file fail.[c:\Users\Martin\Dropbox\FIT\Masters\8.semestr\FLP\Fun_project\bkg/test/Spec.hs] file load error. 'c:\Users\Martin\Dropbox\FIT\Masters\8.semestr\FLP\Fun_project\bkg/test/Spec.hs'
2017-03-16 19:25:15 [ThreadId 3] ERROR phoityne - startup load error. c:\Users\Martin\Dropbox\FIT\Masters\8.semestr\FLP\Fun_project\bkg/test/Spec.hs

2017-03-16 19:27:20 [ThreadId 3] ERROR phoityne - [deleteBreakPointOnGHCi] invalid delete break point. BreakPointData {nameBreakPointData = "Spec", filePathBreakPointData = "c:\\Users\\Martin\\Dropbox\\FIT\\Masters\\8.semestr\\FLP\\Fun_project\\bkg\\flp-fun-xzemek04\\test\\Spec.hs", lineNoBreakPointData = 2, breakNoBreakPointData = Nothing, conditionBreakPointData = Nothing, hitConditionBreakPointData = Nothing, hitCountBreakPointData = 0}
2017-03-16 19:27:24 [ThreadId 3] ERROR phoityne - [deleteBreakPointOnGHCi] invalid delete break point. BreakPointData {nameBreakPointData = "Spec", filePathBreakPointData = "c:\\Users\\Martin\\Dropbox\\FIT\\Masters\\8.semestr\\FLP\\Fun_project\\bkg\\flp-fun-xzemek04\\test\\Spec.hs", lineNoBreakPointData = 2, breakNoBreakPointData = Nothing, conditionBreakPointData = Nothing, hitConditionBreakPointData = Nothing, hitCountBreakPointData = 0}
2017-03-16 19:27:37 [ThreadId 3] ERROR phoityne - [deleteBreakPointOnGHCi] invalid delete break point. BreakPointData {nameBreakPointData = "Main", filePathBreakPointData = "c:\\Users\\Martin\\Dropbox\\FIT\\Masters\\8.semestr\\FLP\\Fun_project\\bkg\\flp-fun-xzemek04\\app\\Main.hs", lineNoBreakPointData = 6, breakNoBreakPointData = Nothing, conditionBreakPointData = Nothing, hitConditionBreakPointData = Nothing, hitCountBreakPointData = 0}
2017-03-22 18:27:57 [ThreadId 3] ERROR phoityne - load file fail.[c:\Users\Martin\Dropbox\FIT\Masters\8.semestr\FLP\Fun_project\bkg\flp-fun-xzemek04/app/Main.hs] file load error. 'c:\Users\Martin\Dropbox\FIT\Masters\8.semestr\FLP\Fun_project\bkg\flp-fun-xzemek04/app/Main.hs'
2017-03-22 18:27:57 [ThreadId 3] ERROR phoityne - startup load error. c:\Users\Martin\Dropbox\FIT\Masters\8.semestr\FLP\Fun_project\bkg\flp-fun-xzemek04/app/Main.hs

2017-03-22 18:41:58 [ThreadId 9] ERROR phoityne - load file fail.[C:\Users\Martin\Dropbox\FIT\Masters\8.semestr\FLP\Fun_project\bkg\flp-fun-xzemek04\src\Lib.hs] file load error. 'C:\Users\Martin\Dropbox\FIT\Masters\8.semestr\FLP\Fun_project\bkg\flp-fun-xzemek04\src\Lib.hs'
2017-03-22 18:42:06 [ThreadId 10] ERROR phoityne - load file fail.[C:\Users\Martin\Dropbox\FIT\Masters\8.semestr\FLP\Fun_project\bkg\flp-fun-xzemek04\src\Lib.hs] file load error. 'C:\Users\Martin\Dropbox\FIT\Masters\8.semestr\FLP\Fun_project\bkg\flp-fun-xzemek04\src\Lib.hs'
2017-03-22 18:46:50 [ThreadId 3] ERROR phoityne - load file fail.[c:\Users\Martin\Dropbox\FIT\Masters\8.semestr\FLP\Fun_project\bkg\flp-fun-xzemek04/app/Main.hs] file load error. 'c:\Users\Martin\Dropbox\FIT\Masters\8.semestr\FLP\Fun_project\bkg\flp-fun-xzemek04/app/Main.hs'
2017-03-22 18:46:50 [ThreadId 3] ERROR phoityne - startup load error. c:\Users\Martin\Dropbox\FIT\Masters\8.semestr\FLP\Fun_project\bkg\flp-fun-xzemek04/app/Main.hs

2017-03-22 18:52:27 [ThreadId 9] ERROR phoityne - load file fail.[C:\Users\Martin\Dropbox\FIT\Masters\8.semestr\FLP\Fun_project\bkg\flp-fun-xzemek04\app\Main.hs] file load error. 'C:\Users\Martin\Dropbox\FIT\Masters\8.semestr\FLP\Fun_project\bkg\flp-fun-xzemek04\app\Main.hs'
2017-03-22 18:52:29 [ThreadId 10] ERROR phoityne - load file fail.[C:\Users\Martin\Dropbox\FIT\Masters\8.semestr\FLP\Fun_project\bkg\flp-fun-xzemek04\app\Main.hs] file load error. 'C:\Users\Martin\Dropbox\FIT\Masters\8.semestr\FLP\Fun_project\bkg\flp-fun-xzemek04\app\Main.hs'
2017-03-22 18:52:38 [ThreadId 11] ERROR phoityne - load file fail.[C:\Users\Martin\Dropbox\FIT\Masters\8.semestr\FLP\Fun_project\bkg\flp-fun-xzemek04\src\Lib.hs] file load error. 'C:\Users\Martin\Dropbox\FIT\Masters\8.semestr\FLP\Fun_project\bkg\flp-fun-xzemek04\src\Lib.hs'
2017-03-22 18:52:40 [ThreadId 12] ERROR phoityne - load file fail.[C:\Users\Martin\Dropbox\FIT\Masters\8.semestr\FLP\Fun_project\bkg\flp-fun-xzemek04\src\Lib.hs] file load error. 'C:\Users\Martin\Dropbox\FIT\Masters\8.semestr\FLP\Fun_project\bkg\flp-fun-xzemek04\src\Lib.hs'
2017-03-22 18:57:32 [ThreadId 13] ERROR phoityne - load file fail.[C:\Users\Martin\Dropbox\FIT\Masters\8.semestr\FLP\Fun_project\bkg\flp-fun-xzemek04\app\Main.hs] file load error. 'C:\Users\Martin\Dropbox\FIT\Masters\8.semestr\FLP\Fun_project\bkg\flp-fun-xzemek04\app\Main.hs'
2017-03-22 21:34:43 [ThreadId 3] ERROR phoityne - load file fail.[c:\Users\Martin\Dropbox\FIT\Masters\8.semestr\FLP\Fun_project\bkg\flp-fun-xzemek04/app/Main.hs] file load error. 'c:\Users\Martin\Dropbox\FIT\Masters\8.semestr\FLP\Fun_project\bkg\flp-fun-xzemek04/app/Main.hs'
2017-03-22 21:34:43 [ThreadId 3] ERROR phoityne - startup load error. c:\Users\Martin\Dropbox\FIT\Masters\8.semestr\FLP\Fun_project\bkg\flp-fun-xzemek04/app/Main.hs

2017-03-22 21:35:56 [ThreadId 3] ERROR phoityne - load file fail.[c:\Users\Martin\Dropbox\FIT\Masters\8.semestr\FLP\Fun_project\bkg\flp-fun-xzemek04/app/Main.hs] file load error. 'c:\Users\Martin\Dropbox\FIT\Masters\8.semestr\FLP\Fun_project\bkg\flp-fun-xzemek04/app/Main.hs'
2017-03-22 21:35:56 [ThreadId 3] ERROR phoityne - startup load error. c:\Users\Martin\Dropbox\FIT\Masters\8.semestr\FLP\Fun_project\bkg\flp-fun-xzemek04/app/Main.hs

2017-03-22 23:21:03 [ThreadId 3] ERROR phoityne - load file fail.[c:\Users\Martin\Dropbox\FIT\Masters\8.semestr\FLP\Fun_project\bkg\flp-fun-xzemek04/app/Main.hs] file load error. 'c:\Users\Martin\Dropbox\FIT\Masters\8.semestr\FLP\Fun_project\bkg\flp-fun-xzemek04/app/Main.hs'
2017-03-22 23:21:03 [ThreadId 3] ERROR phoityne - startup load error. c:\Users\Martin\Dropbox\FIT\Masters\8.semestr\FLP\Fun_project\bkg\flp-fun-xzemek04/app/Main.hs

2017-03-22 23:21:08 [ThreadId 9] ERROR phoityne - load file fail.[C:\Users\Martin\Dropbox\FIT\Masters\8.semestr\FLP\Fun_project\bkg\flp-fun-xzemek04\app\Main.hs] file load error. 'C:\Users\Martin\Dropbox\FIT\Masters\8.semestr\FLP\Fun_project\bkg\flp-fun-xzemek04\app\Main.hs'
2017-03-22 23:21:20 [ThreadId 10] ERROR phoityne - load file fail.[C:\Users\Martin\Dropbox\FIT\Masters\8.semestr\FLP\Fun_project\bkg\flp-fun-xzemek04\app\Main.hs] file load error. 'C:\Users\Martin\Dropbox\FIT\Masters\8.semestr\FLP\Fun_project\bkg\flp-fun-xzemek04\app\Main.hs'
2017-03-22 23:23:50 [ThreadId 10] ERROR phoityne - load file fail.[C:\Users\Martin\Dropbox\FIT\Masters\8.semestr\FLP\Fun_project\bkg\flp-fun-xzemek04\app\Main.hs] file load error. 'C:\Users\Martin\Dropbox\FIT\Masters\8.semestr\FLP\Fun_project\bkg\flp-fun-xzemek04\app\Main.hs'
2017-03-22 23:27:11 [ThreadId 3] ERROR phoityne - ghci launch error. <file descriptor: 5>: hPutChar: resource vanished (Broken pipe)

2017-03-22 23:27:11 [ThreadId 3] ERROR phoityne - [disconnectRequestHandler] ghci not started.
2017-03-22 23:27:17 [ThreadId 3] ERROR phoityne - ghci launch error. <file descriptor: 5>: hPutChar: resource vanished (Broken pipe)

2017-03-22 23:27:17 [ThreadId 3] ERROR phoityne - [disconnectRequestHandler] ghci not started.
2017-03-22 23:49:08 [ThreadId 3] ERROR phoityne - load file fail.[c:\Users\Martin\Dropbox\FIT\Masters\8.semestr\FLP\Fun_project\bkg\flp-fun-xzemek04/app/Main.hs] file load error. 'c:\Users\Martin\Dropbox\FIT\Masters\8.semestr\FLP\Fun_project\bkg\flp-fun-xzemek04/app/Main.hs'
2017-03-22 23:49:08 [ThreadId 3] ERROR phoityne - startup load error. c:\Users\Martin\Dropbox\FIT\Masters\8.semestr\FLP\Fun_project\bkg\flp-fun-xzemek04/app/Main.hs

2017-03-22 23:50:52 [ThreadId 10] ERROR phoityne - load file fail.[C:\Users\Martin\Dropbox\FIT\Masters\8.semestr\FLP\Fun_project\bkg\flp-fun-xzemek04\test\Spec.hs] file load error. 'C:\Users\Martin\Dropbox\FIT\Masters\8.semestr\FLP\Fun_project\bkg\flp-fun-xzemek04\test\Spec.hs'
2017-03-22 23:50:54 [ThreadId 11] ERROR phoityne - load file fail.[C:\Users\Martin\Dropbox\FIT\Masters\8.semestr\FLP\Fun_project\bkg\flp-fun-xzemek04\test\Spec.hs] file load error. 'C:\Users\Martin\Dropbox\FIT\Masters\8.semestr\FLP\Fun_project\bkg\flp-fun-xzemek04\test\Spec.hs'
2017-03-22 23:53:48 [ThreadId 3] ERROR phoityne - "error: * Variable not in scope: opts * Perhaps you meant data constructor `Opts' (line 6)"
2017-03-22 23:53:55 [ThreadId 3] ERROR phoityne - "error: * Variable not in scope: opts * Perhaps you meant data constructor `Opts' (line 6)"
2017-03-22 23:54:00 [ThreadId 3] ERROR phoityne - "error: * Variable not in scope: opts * Perhaps you meant data constructor `Opts' (line 6)"
2017-03-22 23:54:10 [ThreadId 3] ERROR phoityne - "error: * Variable not in scope: opts * Perhaps you meant data constructor `Opts' (line 6)"
2017-03-22 23:54:24 [ThreadId 3] ERROR phoityne - "error: * Variable not in scope: opts * Perhaps you meant data constructor `Opts' (line 6)"
2017-03-22 23:54:38 [ThreadId 3] ERROR phoityne - "error: * Variable not in scope: opts * Perhaps you meant data constructor `Opts' (line 6)"
2017-03-22 23:55:09 [ThreadId 3] ERROR phoityne - "error: * Variable not in scope: opts * Perhaps you meant data constructor `Opts' (line 6)"
2017-03-22 23:55:21 [ThreadId 3] ERROR phoityne - "error: * Variable not in scope: opts * Perhaps you meant data constructor `Opts' (line 6)"
2017-03-23 19:26:11 [ThreadId 3] ERROR phoityne - "error: * Variable not in scope: opts * Perhaps you meant data constructor `Opts' (line 6)"
2017-03-23 19:27:58 [ThreadId 9] ERROR phoityne - load file fail.[C:\Users\Martin\Dropbox\FIT\Masters\8.semestr\FLP\Fun_project\bkg\flp-fun-xzemek04\src\Lib.hs] file load error. 'C:\Users\Martin\Dropbox\FIT\Masters\8.semestr\FLP\Fun_project\bkg\flp-fun-xzemek04\src\Lib.hs'
2017-03-23 19:28:14 [ThreadId 10] ERROR phoityne - load file fail.[C:\Users\Martin\Dropbox\FIT\Masters\8.semestr\FLP\Fun_project\bkg\flp-fun-xzemek04\src\Lib.hs] file load error. 'C:\Users\Martin\Dropbox\FIT\Masters\8.semestr\FLP\Fun_project\bkg\flp-fun-xzemek04\src\Lib.hs'
2017-03-23 19:28:22 [ThreadId 11] ERROR phoityne - load file fail.[C:\Users\Martin\Dropbox\FIT\Masters\8.semestr\FLP\Fun_project\bkg\flp-fun-xzemek04\src\Lib.hs] file load error. 'C:\Users\Martin\Dropbox\FIT\Masters\8.semestr\FLP\Fun_project\bkg\flp-fun-xzemek04\src\Lib.hs'
2017-03-23 19:30:03 [ThreadId 12] ERROR phoityne - load file fail.[C:\Users\Martin\Dropbox\FIT\Masters\8.semestr\FLP\Fun_project\bkg\flp-fun-xzemek04\src\Lib.hs] file load error. 'C:\Users\Martin\Dropbox\FIT\Masters\8.semestr\FLP\Fun_project\bkg\flp-fun-xzemek04\src\Lib.hs'
2017-03-23 19:30:13 [ThreadId 13] ERROR phoityne - load file fail.[C:\Users\Martin\Dropbox\FIT\Masters\8.semestr\FLP\Fun_project\bkg\flp-fun-xzemek04\src\Lib.hs] file load error. 'C:\Users\Martin\Dropbox\FIT\Masters\8.semestr\FLP\Fun_project\bkg\flp-fun-xzemek04\src\Lib.hs'
2017-03-23 19:30:15 [ThreadId 14] ERROR phoityne - load file fail.[C:\Users\Martin\Dropbox\FIT\Masters\8.semestr\FLP\Fun_project\bkg\flp-fun-xzemek04\src\Lib.hs] file load error. 'C:\Users\Martin\Dropbox\FIT\Masters\8.semestr\FLP\Fun_project\bkg\flp-fun-xzemek04\src\Lib.hs'
2017-03-23 19:31:09 [ThreadId 15] ERROR phoityne - load file fail.[C:\Users\Martin\Dropbox\FIT\Masters\8.semestr\FLP\Fun_project\bkg\flp-fun-xzemek04\src\Lib.hs] file load error. 'C:\Users\Martin\Dropbox\FIT\Masters\8.semestr\FLP\Fun_project\bkg\flp-fun-xzemek04\src\Lib.hs'
2017-03-23 19:31:15 [ThreadId 16] ERROR phoityne - load file fail.[C:\Users\Martin\Dropbox\FIT\Masters\8.semestr\FLP\Fun_project\bkg\flp-fun-xzemek04\src\Lib.hs] file load error. 'C:\Users\Martin\Dropbox\FIT\Masters\8.semestr\FLP\Fun_project\bkg\flp-fun-xzemek04\src\Lib.hs'
2017-03-23 19:31:18 [ThreadId 17] ERROR phoityne - load file fail.[C:\Users\Martin\Dropbox\FIT\Masters\8.semestr\FLP\Fun_project\bkg\flp-fun-xzemek04\src\Lib.hs] file load error. 'C:\Users\Martin\Dropbox\FIT\Masters\8.semestr\FLP\Fun_project\bkg\flp-fun-xzemek04\src\Lib.hs'
2017-03-23 19:31:24 [ThreadId 3] ERROR phoityne - "error: Variable not in scope: opts"
2017-03-23 19:31:27 [ThreadId 3] ERROR phoityne - load file fail.[c:\Users\Martin\Dropbox\FIT\Masters\8.semestr\FLP\Fun_project\bkg\flp-fun-xzemek04/test/Spec.hs] file load error. 'c:\Users\Martin\Dropbox\FIT\Masters\8.semestr\FLP\Fun_project\bkg\flp-fun-xzemek04/test/Spec.hs'
2017-03-23 19:31:27 [ThreadId 3] ERROR phoityne - startup load error. c:\Users\Martin\Dropbox\FIT\Masters\8.semestr\FLP\Fun_project\bkg\flp-fun-xzemek04/test/Spec.hs

2017-03-23 19:31:27 [ThreadId 3] ERROR phoityne - "error: Variable not in scope: opts"
2017-03-23 19:31:50 [ThreadId 9] ERROR phoityne - load file fail.[C:\Users\Martin\Dropbox\FIT\Masters\8.semestr\FLP\Fun_project\bkg\flp-fun-xzemek04\src\Lib.hs] file load error. 'C:\Users\Martin\Dropbox\FIT\Masters\8.semestr\FLP\Fun_project\bkg\flp-fun-xzemek04\src\Lib.hs'
2017-03-23 19:32:28 [ThreadId 3] ERROR phoityne - "error: Variable not in scope: opts"
2017-03-23 19:33:02 [ThreadId 10] ERROR phoityne - load file fail.[C:\Users\Martin\Dropbox\FIT\Masters\8.semestr\FLP\Fun_project\bkg\flp-fun-xzemek04\src\Lib.hs] file load error. 'C:\Users\Martin\Dropbox\FIT\Masters\8.semestr\FLP\Fun_project\bkg\flp-fun-xzemek04\src\Lib.hs'
2017-03-23 19:33:03 [ThreadId 11] ERROR phoityne - load file fail.[C:\Users\Martin\Dropbox\FIT\Masters\8.semestr\FLP\Fun_project\bkg\flp-fun-xzemek04\src\Lib.hs] file load error. 'C:\Users\Martin\Dropbox\FIT\Masters\8.semestr\FLP\Fun_project\bkg\flp-fun-xzemek04\src\Lib.hs'
2017-03-23 19:35:05 [ThreadId 12] ERROR phoityne - load file fail.[C:\Users\Martin\Dropbox\FIT\Masters\8.semestr\FLP\Fun_project\bkg\flp-fun-xzemek04\src\Lib.hs] file load error. 'C:\Users\Martin\Dropbox\FIT\Masters\8.semestr\FLP\Fun_project\bkg\flp-fun-xzemek04\src\Lib.hs'
2017-03-23 19:36:35 [ThreadId 13] ERROR phoityne - load file fail.[C:\Users\Martin\Dropbox\FIT\Masters\8.semestr\FLP\Fun_project\bkg\flp-fun-xzemek04\src\Lib.hs] file load error. 'C:\Users\Martin\Dropbox\FIT\Masters\8.semestr\FLP\Fun_project\bkg\flp-fun-xzemek04\src\Lib.hs'
2017-03-23 19:36:55 [ThreadId 3] ERROR phoityne - "error: Variable not in scope: opts"
2017-03-23 19:39:18 [ThreadId 14] ERROR phoityne - load file fail.[C:\Users\Martin\Dropbox\FIT\Masters\8.semestr\FLP\Fun_project\bkg\flp-fun-xzemek04\src\Lib.hs] file load error. 'C:\Users\Martin\Dropbox\FIT\Masters\8.semestr\FLP\Fun_project\bkg\flp-fun-xzemek04\src\Lib.hs'
2017-03-23 19:40:53 [ThreadId 3] ERROR phoityne - load file fail.[c:\Users\Martin\Dropbox\FIT\Masters\8.semestr\FLP\Fun_project\bkg\flp-fun-xzemek04/test/Spec.hs] file load error. 'c:\Users\Martin\Dropbox\FIT\Masters\8.semestr\FLP\Fun_project\bkg\flp-fun-xzemek04/test/Spec.hs'
2017-03-23 19:40:53 [ThreadId 3] ERROR phoityne - startup load error. c:\Users\Martin\Dropbox\FIT\Masters\8.semestr\FLP\Fun_project\bkg\flp-fun-xzemek04/test/Spec.hs

2017-03-23 19:40:53 [ThreadId 3] ERROR phoityne - "error: Variable not in scope: opts"
2017-03-23 19:40:59 [ThreadId 3] ERROR phoityne - "error: Variable not in scope: opts"
2017-03-23 19:41:03 [ThreadId 3] ERROR phoityne - "error: Variable not in scope: opts"
2017-03-23 19:41:05 [ThreadId 3] ERROR phoityne - "error: Variable not in scope: opts"
2017-03-23 19:41:38 [ThreadId 9] ERROR phoityne - load file fail.[C:\Users\Martin\Dropbox\FIT\Masters\8.semestr\FLP\Fun_project\bkg\flp-fun-xzemek04\src\Lib.hs] file load error. 'C:\Users\Martin\Dropbox\FIT\Masters\8.semestr\FLP\Fun_project\bkg\flp-fun-xzemek04\src\Lib.hs'
2017-03-23 19:41:41 [ThreadId 3] ERROR phoityne - "error: Variable not in scope: opts"
2017-03-23 19:41:45 [ThreadId 3] ERROR phoityne - "error: Variable not in scope: opts"
2017-03-23 19:41:45 [ThreadId 3] ERROR phoityne - "error: Variable not in scope: opts"
2017-03-23 19:42:26 [ThreadId 12] ERROR phoityne - load file fail.[C:\Users\Martin\Dropbox\FIT\Masters\8.semestr\FLP\Fun_project\bkg\flp-fun-xzemek04\src\Lib.hs] file load error. 'C:\Users\Martin\Dropbox\FIT\Masters\8.semestr\FLP\Fun_project\bkg\flp-fun-xzemek04\src\Lib.hs'
2017-03-23 19:48:39 [ThreadId 13] ERROR phoityne - load file fail.[C:\Users\Martin\Dropbox\FIT\Masters\8.semestr\FLP\Fun_project\bkg\flp-fun-xzemek04\src\Lib.hs] file load error. 'C:\Users\Martin\Dropbox\FIT\Masters\8.semestr\FLP\Fun_project\bkg\flp-fun-xzemek04\src\Lib.hs'
2017-03-23 19:48:43 [ThreadId 14] ERROR phoityne - load file fail.[C:\Users\Martin\Dropbox\FIT\Masters\8.semestr\FLP\Fun_project\bkg\flp-fun-xzemek04\src\Lib.hs] file load error. 'C:\Users\Martin\Dropbox\FIT\Masters\8.semestr\FLP\Fun_project\bkg\flp-fun-xzemek04\src\Lib.hs'
2017-03-23 19:49:29 [ThreadId 15] ERROR phoityne - load file fail.[C:\Users\Martin\Dropbox\FIT\Masters\8.semestr\FLP\Fun_project\bkg\flp-fun-xzemek04\src\Lib.hs] file load error. 'C:\Users\Martin\Dropbox\FIT\Masters\8.semestr\FLP\Fun_project\bkg\flp-fun-xzemek04\src\Lib.hs'
2017-03-23 19:49:47 [ThreadId 16] ERROR phoityne - load file fail.[C:\Users\Martin\Dropbox\FIT\Masters\8.semestr\FLP\Fun_project\bkg\flp-fun-xzemek04\src\Lib.hs] file load error. 'C:\Users\Martin\Dropbox\FIT\Masters\8.semestr\FLP\Fun_project\bkg\flp-fun-xzemek04\src\Lib.hs'
2017-03-23 19:53:12 [ThreadId 18] ERROR phoityne - load file fail.[C:\Users\Martin\Dropbox\FIT\Masters\8.semestr\FLP\Fun_project\bkg\flp-fun-xzemek04\src\Lib.hs] file load error. 'C:\Users\Martin\Dropbox\FIT\Masters\8.semestr\FLP\Fun_project\bkg\flp-fun-xzemek04\src\Lib.hs'
2017-03-23 20:04:14 [ThreadId 21] ERROR phoityne - load file fail.[C:\Users\Martin\Dropbox\FIT\Masters\8.semestr\FLP\Fun_project\bkg\flp-fun-xzemek04\src\Lib.hs] file load error. 'C:\Users\Martin\Dropbox\FIT\Masters\8.semestr\FLP\Fun_project\bkg\flp-fun-xzemek04\src\Lib.hs'
2017-03-23 20:04:21 [ThreadId 22] ERROR phoityne - load file fail.[C:\Users\Martin\Dropbox\FIT\Masters\8.semestr\FLP\Fun_project\bkg\flp-fun-xzemek04\src\Lib.hs] file load error. 'C:\Users\Martin\Dropbox\FIT\Masters\8.semestr\FLP\Fun_project\bkg\flp-fun-xzemek04\src\Lib.hs'
2017-03-23 20:04:25 [ThreadId 23] ERROR phoityne - load file fail.[C:\Users\Martin\Dropbox\FIT\Masters\8.semestr\FLP\Fun_project\bkg\flp-fun-xzemek04\src\Lib.hs] file load error. 'C:\Users\Martin\Dropbox\FIT\Masters\8.semestr\FLP\Fun_project\bkg\flp-fun-xzemek04\src\Lib.hs'
2017-03-23 20:04:35 [ThreadId 24] ERROR phoityne - load file fail.[C:\Users\Martin\Dropbox\FIT\Masters\8.semestr\FLP\Fun_project\bkg\flp-fun-xzemek04\src\Lib.hs] file load error. 'C:\Users\Martin\Dropbox\FIT\Masters\8.semestr\FLP\Fun_project\bkg\flp-fun-xzemek04\src\Lib.hs'
2017-03-23 20:05:09 [ThreadId 27] ERROR phoityne - load file fail.[C:\Users\Martin\Dropbox\FIT\Masters\8.semestr\FLP\Fun_project\bkg\flp-fun-xzemek04\src\Lib.hs] file load error. 'C:\Users\Martin\Dropbox\FIT\Masters\8.semestr\FLP\Fun_project\bkg\flp-fun-xzemek04\src\Lib.hs'
2017-03-23 20:05:13 [ThreadId 28] ERROR phoityne - load file fail.[C:\Users\Martin\Dropbox\FIT\Masters\8.semestr\FLP\Fun_project\bkg\flp-fun-xzemek04\src\Lib.hs] file load error. 'C:\Users\Martin\Dropbox\FIT\Masters\8.semestr\FLP\Fun_project\bkg\flp-fun-xzemek04\src\Lib.hs'
2017-03-23 20:06:27 [ThreadId 29] ERROR phoityne - load file fail.[C:\Users\Martin\Dropbox\FIT\Masters\8.semestr\FLP\Fun_project\bkg\flp-fun-xzemek04\src\Lib.hs] file load error. 'C:\Users\Martin\Dropbox\FIT\Masters\8.semestr\FLP\Fun_project\bkg\flp-fun-xzemek04\src\Lib.hs'
2017-03-23 20:06:28 [ThreadId 30] ERROR phoityne - load file fail.[C:\Users\Martin\Dropbox\FIT\Masters\8.semestr\FLP\Fun_project\bkg\flp-fun-xzemek04\src\Lib.hs] file load error. 'C:\Users\Martin\Dropbox\FIT\Masters\8.semestr\FLP\Fun_project\bkg\flp-fun-xzemek04\src\Lib.hs'
2017-03-23 20:06:31 [ThreadId 31] ERROR phoityne - load file fail.[C:\Users\Martin\Dropbox\FIT\Masters\8.semestr\FLP\Fun_project\bkg\flp-fun-xzemek04\src\Lib.hs] file load error. 'C:\Users\Martin\Dropbox\FIT\Masters\8.semestr\FLP\Fun_project\bkg\flp-fun-xzemek04\src\Lib.hs'
2017-03-23 20:07:03 [ThreadId 32] ERROR phoityne - load file fail.[C:\Users\Martin\Dropbox\FIT\Masters\8.semestr\FLP\Fun_project\bkg\flp-fun-xzemek04\src\Lib.hs] file load error. 'C:\Users\Martin\Dropbox\FIT\Masters\8.semestr\FLP\Fun_project\bkg\flp-fun-xzemek04\src\Lib.hs'
2017-03-23 20:07:30 [ThreadId 33] ERROR phoityne - load file fail.[C:\Users\Martin\Dropbox\FIT\Masters\8.semestr\FLP\Fun_project\bkg\flp-fun-xzemek04\src\Lib.hs] file load error. 'C:\Users\Martin\Dropbox\FIT\Masters\8.semestr\FLP\Fun_project\bkg\flp-fun-xzemek04\src\Lib.hs'
2017-03-23 20:07:34 [ThreadId 34] ERROR phoityne - load file fail.[C:\Users\Martin\Dropbox\FIT\Masters\8.semestr\FLP\Fun_project\bkg\flp-fun-xzemek04\src\Lib.hs] file load error. 'C:\Users\Martin\Dropbox\FIT\Masters\8.semestr\FLP\Fun_project\bkg\flp-fun-xzemek04\src\Lib.hs'
2017-03-23 20:09:37 [ThreadId 35] ERROR phoityne - load file fail.[C:\Users\Martin\Dropbox\FIT\Masters\8.semestr\FLP\Fun_project\bkg\flp-fun-xzemek04\src\Lib.hs] file load error. 'C:\Users\Martin\Dropbox\FIT\Masters\8.semestr\FLP\Fun_project\bkg\flp-fun-xzemek04\src\Lib.hs'
2017-03-23 20:09:41 [ThreadId 36] ERROR phoityne - load file fail.[C:\Users\Martin\Dropbox\FIT\Masters\8.semestr\FLP\Fun_project\bkg\flp-fun-xzemek04\src\Lib.hs] file load error. 'C:\Users\Martin\Dropbox\FIT\Masters\8.semestr\FLP\Fun_project\bkg\flp-fun-xzemek04\src\Lib.hs'
2017-03-23 20:09:47 [ThreadId 37] ERROR phoityne - load file fail.[C:\Users\Martin\Dropbox\FIT\Masters\8.semestr\FLP\Fun_project\bkg\flp-fun-xzemek04\src\Lib.hs] file load error. 'C:\Users\Martin\Dropbox\FIT\Masters\8.semestr\FLP\Fun_project\bkg\flp-fun-xzemek04\src\Lib.hs'
2017-03-23 20:09:49 [ThreadId 38] ERROR phoityne - load file fail.[C:\Users\Martin\Dropbox\FIT\Masters\8.semestr\FLP\Fun_project\bkg\flp-fun-xzemek04\src\Lib.hs] file load error. 'C:\Users\Martin\Dropbox\FIT\Masters\8.semestr\FLP\Fun_project\bkg\flp-fun-xzemek04\src\Lib.hs'
2017-03-23 20:12:24 [ThreadId 39] ERROR phoityne - load file fail.[C:\Users\Martin\Dropbox\FIT\Masters\8.semestr\FLP\Fun_project\bkg\flp-fun-xzemek04\src\Lib.hs] file load error. 'C:\Users\Martin\Dropbox\FIT\Masters\8.semestr\FLP\Fun_project\bkg\flp-fun-xzemek04\src\Lib.hs'
2017-03-23 20:14:24 [ThreadId 40] ERROR phoityne - load file fail.[C:\Users\Martin\Dropbox\FIT\Masters\8.semestr\FLP\Fun_project\bkg\flp-fun-xzemek04\src\Lib.hs] file load error. 'C:\Users\Martin\Dropbox\FIT\Masters\8.semestr\FLP\Fun_project\bkg\flp-fun-xzemek04\src\Lib.hs'
2017-03-23 20:14:40 [ThreadId 41] ERROR phoityne - load file fail.[C:\Users\Martin\Dropbox\FIT\Masters\8.semestr\FLP\Fun_project\bkg\flp-fun-xzemek04\src\Lib.hs] file load error. 'C:\Users\Martin\Dropbox\FIT\Masters\8.semestr\FLP\Fun_project\bkg\flp-fun-xzemek04\src\Lib.hs'
2017-03-23 20:14:43 [ThreadId 42] ERROR phoityne - load file fail.[C:\Users\Martin\Dropbox\FIT\Masters\8.semestr\FLP\Fun_project\bkg\flp-fun-xzemek04\src\Lib.hs] file load error. 'C:\Users\Martin\Dropbox\FIT\Masters\8.semestr\FLP\Fun_project\bkg\flp-fun-xzemek04\src\Lib.hs'
2017-03-23 20:14:56 [ThreadId 43] ERROR phoityne - load file fail.[C:\Users\Martin\Dropbox\FIT\Masters\8.semestr\FLP\Fun_project\bkg\flp-fun-xzemek04\src\Lib.hs] file load error. 'C:\Users\Martin\Dropbox\FIT\Masters\8.semestr\FLP\Fun_project\bkg\flp-fun-xzemek04\src\Lib.hs'
2017-03-23 20:15:17 [ThreadId 3] ERROR phoityne - "error: * Variable not in scope: opts * Perhaps you meant data constructor `Opts' (line 7)"
2017-03-23 20:15:20 [ThreadId 3] ERROR phoityne - "error: * Variable not in scope: opts * Perhaps you meant data constructor `Opts' (line 7)"
2017-03-23 20:15:21 [ThreadId 3] ERROR phoityne - "error: * Variable not in scope: opts * Perhaps you meant data constructor `Opts' (line 7)"
2017-03-23 20:15:33 [ThreadId 3] ERROR phoityne - "error: * Variable not in scope: opts * Perhaps you meant data constructor `Opts' (line 7)"
2017-03-23 20:15:38 [ThreadId 3] ERROR phoityne - "error: * Variable not in scope: opts * Perhaps you meant data constructor `Opts' (line 7)"
2017-03-23 20:16:32 [ThreadId 9] ERROR phoityne - load file fail.[C:\Users\Martin\Dropbox\FIT\Masters\8.semestr\FLP\Fun_project\bkg\flp-fun-xzemek04\src\Lib.hs] file load error. 'C:\Users\Martin\Dropbox\FIT\Masters\8.semestr\FLP\Fun_project\bkg\flp-fun-xzemek04\src\Lib.hs'
2017-03-23 20:16:50 [ThreadId 3] ERROR phoityne - "error: * Variable not in scope: opts * Perhaps you meant data constructor `Opts' (line 7)"
2017-03-23 20:16:55 [ThreadId 3] ERROR phoityne - "error: * Variable not in scope: opts * Perhaps you meant data constructor `Opts' (line 7)"
2017-03-23 20:16:58 [ThreadId 3] ERROR phoityne - "error: * Variable not in scope: opts * Perhaps you meant data constructor `Opts' (line 7)"
2017-03-23 20:17:02 [ThreadId 3] ERROR phoityne - "error: * Variable not in scope: opts * Perhaps you meant data constructor `Opts' (line 7)"
2017-03-23 20:18:17 [ThreadId 3] ERROR phoityne - "error: * Variable not in scope: opts * Perhaps you meant data constructor `Opts' (line 7)"
2017-03-23 20:18:22 [ThreadId 3] ERROR phoityne - "error: * Variable not in scope: opts * Perhaps you meant data constructor `Opts' (line 7)"
2017-03-23 20:18:25 [ThreadId 3] ERROR phoityne - "error: * Variable not in scope: opts * Perhaps you meant data constructor `Opts' (line 7)"
2017-03-23 20:18:26 [ThreadId 3] ERROR phoityne - "error: * Variable not in scope: opts * Perhaps you meant data constructor `Opts' (line 7)"
2017-03-23 20:18:54 [ThreadId 3] ERROR phoityne - "error: * Variable not in scope: opts * Perhaps you meant data constructor `Opts' (line 7)"
2017-03-23 20:19:07 [ThreadId 3] ERROR phoityne - "error: * Variable not in scope: opts * Perhaps you meant data constructor `Opts' (line 7)"
2017-03-23 20:23:17 [ThreadId 3] ERROR phoityne - "error: * Variable not in scope: opts * Perhaps you meant data constructor `Opts' (line 7)"
2017-03-23 20:23:17 [ThreadId 3] ERROR phoityne - "error: * Variable not in scope: opts * Perhaps you meant data constructor `Opts' (line 7)"
2017-03-23 20:23:17 [ThreadId 3] ERROR phoityne - "error: * Variable not in scope: opts * Perhaps you meant data constructor `Opts' (line 7)"
2017-03-23 20:23:18 [ThreadId 3] ERROR phoityne - "error: * Variable not in scope: opts * Perhaps you meant data constructor `Opts' (line 7)"
2017-03-23 20:24:54 [ThreadId 3] ERROR phoityne - "error: * Variable not in scope: opts * Perhaps you meant data constructor `Opts' (line 7)"
2017-03-23 20:24:55 [ThreadId 3] ERROR phoityne - "error: * Variable not in scope: opts * Perhaps you meant data constructor `Opts' (line 7)"
2017-03-23 20:24:56 [ThreadId 3] ERROR phoityne - "error: * Variable not in scope: opts * Perhaps you meant data constructor `Opts' (line 7)"
2017-03-23 20:24:56 [ThreadId 3] ERROR phoityne - "error: * Variable not in scope: opts * Perhaps you meant data constructor `Opts' (line 7)"
2017-03-23 20:25:04 [ThreadId 3] ERROR phoityne - "error: * Variable not in scope: opts * Perhaps you meant data constructor `Opts' (line 7)"
2017-03-23 20:25:08 [ThreadId 3] ERROR phoityne - "error: * Variable not in scope: opts * Perhaps you meant data constructor `Opts' (line 7)"
2017-03-23 20:25:53 [ThreadId 3] ERROR phoityne - "error: * Variable not in scope: opts * Perhaps you meant data constructor `Opts' (line 7)"
2017-03-23 20:25:53 [ThreadId 3] ERROR phoityne - "error: * Variable not in scope: opts * Perhaps you meant data constructor `Opts' (line 7)"
2017-03-23 20:25:56 [ThreadId 3] ERROR phoityne - "error: * Variable not in scope: opts * Perhaps you meant data constructor `Opts' (line 7)"
2017-03-23 20:25:59 [ThreadId 3] ERROR phoityne - "error: * Variable not in scope: opts * Perhaps you meant data constructor `Opts' (line 7)"
2017-03-23 20:26:02 [ThreadId 3] ERROR phoityne - "error: * Variable not in scope: opts * Perhaps you meant data constructor `Opts' (line 7)"
2017-03-23 20:31:12 [ThreadId 3] ERROR phoityne - "error: * Variable not in scope: opts * Perhaps you meant data constructor `Opts' (line 7)"
2017-03-23 20:31:23 [ThreadId 3] ERROR phoityne - "error: * Variable not in scope: opts * Perhaps you meant data constructor `Opts' (line 7)"
2017-03-23 20:48:05 [ThreadId 3] ERROR phoityne - "error: * Variable not in scope: opts * Perhaps you meant data constructor `Opts' (line 7)"
2017-03-23 20:48:06 [ThreadId 3] ERROR phoityne - "error: * Variable not in scope: opts * Perhaps you meant data constructor `Opts' (line 7)"
2017-03-23 20:48:13 [ThreadId 3] ERROR phoityne - "error: * Variable not in scope: opts * Perhaps you meant data constructor `Opts' (line 7)"
2017-03-23 20:52:00 [ThreadId 17] ERROR phoityne - load file fail.[C:\Users\Martin\Dropbox\FIT\Masters\8.semestr\FLP\Fun_project\bkg\flp-fun-xzemek04\src\Lib.hs] file load error. 'C:\Users\Martin\Dropbox\FIT\Masters\8.semestr\FLP\Fun_project\bkg\flp-fun-xzemek04\src\Lib.hs'
2017-03-23 20:52:22 [ThreadId 18] ERROR phoityne - load file fail.[C:\Users\Martin\Dropbox\FIT\Masters\8.semestr\FLP\Fun_project\bkg\flp-fun-xzemek04\src\Lib.hs] file load error. 'C:\Users\Martin\Dropbox\FIT\Masters\8.semestr\FLP\Fun_project\bkg\flp-fun-xzemek04\src\Lib.hs'
2017-03-23 20:52:24 [ThreadId 19] ERROR phoityne - load file fail.[C:\Users\Martin\Dropbox\FIT\Masters\8.semestr\FLP\Fun_project\bkg\flp-fun-xzemek04\src\Lib.hs] file load error. 'C:\Users\Martin\Dropbox\FIT\Masters\8.semestr\FLP\Fun_project\bkg\flp-fun-xzemek04\src\Lib.hs'
2017-03-23 20:52:25 [ThreadId 20] ERROR phoityne - load file fail.[C:\Users\Martin\Dropbox\FIT\Masters\8.semestr\FLP\Fun_project\bkg\flp-fun-xzemek04\src\Lib.hs] file load error. 'C:\Users\Martin\Dropbox\FIT\Masters\8.semestr\FLP\Fun_project\bkg\flp-fun-xzemek04\src\Lib.hs'
2017-03-23 20:55:49 [ThreadId 21] ERROR phoityne - load file fail.[C:\Users\Martin\Dropbox\FIT\Masters\8.semestr\FLP\Fun_project\bkg\flp-fun-xzemek04\src\Lib.hs] file load error. 'C:\Users\Martin\Dropbox\FIT\Masters\8.semestr\FLP\Fun_project\bkg\flp-fun-xzemek04\src\Lib.hs'
2017-03-23 20:55:54 [ThreadId 22] ERROR phoityne - load file fail.[C:\Users\Martin\Dropbox\FIT\Masters\8.semestr\FLP\Fun_project\bkg\flp-fun-xzemek04\src\Lib.hs] file load error. 'C:\Users\Martin\Dropbox\FIT\Masters\8.semestr\FLP\Fun_project\bkg\flp-fun-xzemek04\src\Lib.hs'
2017-03-23 20:55:58 [ThreadId 23] ERROR phoityne - load file fail.[C:\Users\Martin\Dropbox\FIT\Masters\8.semestr\FLP\Fun_project\bkg\flp-fun-xzemek04\src\Lib.hs] file load error. 'C:\Users\Martin\Dropbox\FIT\Masters\8.semestr\FLP\Fun_project\bkg\flp-fun-xzemek04\src\Lib.hs'
2017-03-23 20:55:59 [ThreadId 24] ERROR phoityne - load file fail.[C:\Users\Martin\Dropbox\FIT\Masters\8.semestr\FLP\Fun_project\bkg\flp-fun-xzemek04\src\Lib.hs] file load error. 'C:\Users\Martin\Dropbox\FIT\Masters\8.semestr\FLP\Fun_project\bkg\flp-fun-xzemek04\src\Lib.hs'
2017-03-23 20:56:08 [ThreadId 25] ERROR phoityne - load file fail.[C:\Users\Martin\Dropbox\FIT\Masters\8.semestr\FLP\Fun_project\bkg\flp-fun-xzemek04\src\Lib.hs] file load error. 'C:\Users\Martin\Dropbox\FIT\Masters\8.semestr\FLP\Fun_project\bkg\flp-fun-xzemek04\src\Lib.hs'
2017-03-23 20:56:12 [ThreadId 26] ERROR phoityne - load file fail.[C:\Users\Martin\Dropbox\FIT\Masters\8.semestr\FLP\Fun_project\bkg\flp-fun-xzemek04\src\Lib.hs] file load error. 'C:\Users\Martin\Dropbox\FIT\Masters\8.semestr\FLP\Fun_project\bkg\flp-fun-xzemek04\src\Lib.hs'
2017-03-23 20:56:15 [ThreadId 27] ERROR phoityne - load file fail.[C:\Users\Martin\Dropbox\FIT\Masters\8.semestr\FLP\Fun_project\bkg\flp-fun-xzemek04\src\Lib.hs] file load error. 'C:\Users\Martin\Dropbox\FIT\Masters\8.semestr\FLP\Fun_project\bkg\flp-fun-xzemek04\src\Lib.hs'
2017-03-23 20:56:28 [ThreadId 28] ERROR phoityne - load file fail.[C:\Users\Martin\Dropbox\FIT\Masters\8.semestr\FLP\Fun_project\bkg\flp-fun-xzemek04\src\Lib.hs] file load error. 'C:\Users\Martin\Dropbox\FIT\Masters\8.semestr\FLP\Fun_project\bkg\flp-fun-xzemek04\src\Lib.hs'
2017-03-23 20:56:36 [ThreadId 3] ERROR phoityne - "error: Variable not in scope: opts"
2017-03-23 20:56:38 [ThreadId 3] ERROR phoityne - "error: Variable not in scope: opts"
2017-03-23 20:56:42 [ThreadId 30] ERROR phoityne - load file fail.[C:\Users\Martin\Dropbox\FIT\Masters\8.semestr\FLP\Fun_project\bkg\flp-fun-xzemek04\test\Spec.hs] file load error. 'C:\Users\Martin\Dropbox\FIT\Masters\8.semestr\FLP\Fun_project\bkg\flp-fun-xzemek04\test\Spec.hs'
2017-03-23 20:57:44 [ThreadId 31] ERROR phoityne - load file fail.[C:\Users\Martin\Dropbox\FIT\Masters\8.semestr\FLP\Fun_project\bkg\flp-fun-xzemek04\src\Lib.hs] file load error. 'C:\Users\Martin\Dropbox\FIT\Masters\8.semestr\FLP\Fun_project\bkg\flp-fun-xzemek04\src\Lib.hs'
2017-03-23 20:57:47 [ThreadId 32] ERROR phoityne - load file fail.[C:\Users\Martin\Dropbox\FIT\Masters\8.semestr\FLP\Fun_project\bkg\flp-fun-xzemek04\src\Lib.hs] file load error. 'C:\Users\Martin\Dropbox\FIT\Masters\8.semestr\FLP\Fun_project\bkg\flp-fun-xzemek04\src\Lib.hs'
2017-03-23 20:57:48 [ThreadId 33] ERROR phoityne - load file fail.[C:\Users\Martin\Dropbox\FIT\Masters\8.semestr\FLP\Fun_project\bkg\flp-fun-xzemek04\src\Lib.hs] file load error. 'C:\Users\Martin\Dropbox\FIT\Masters\8.semestr\FLP\Fun_project\bkg\flp-fun-xzemek04\src\Lib.hs'
2017-03-23 20:57:54 [ThreadId 34] ERROR phoityne - load file fail.[C:\Users\Martin\Dropbox\FIT\Masters\8.semestr\FLP\Fun_project\bkg\flp-fun-xzemek04\src\Lib.hs] file load error. 'C:\Users\Martin\Dropbox\FIT\Masters\8.semestr\FLP\Fun_project\bkg\flp-fun-xzemek04\src\Lib.hs'
2017-03-23 20:57:59 [ThreadId 35] ERROR phoityne - load file fail.[C:\Users\Martin\Dropbox\FIT\Masters\8.semestr\FLP\Fun_project\bkg\flp-fun-xzemek04\src\Lib.hs] file load error. 'C:\Users\Martin\Dropbox\FIT\Masters\8.semestr\FLP\Fun_project\bkg\flp-fun-xzemek04\src\Lib.hs'
2017-03-23 20:58:01 [ThreadId 36] ERROR phoityne - load file fail.[C:\Users\Martin\Dropbox\FIT\Masters\8.semestr\FLP\Fun_project\bkg\flp-fun-xzemek04\src\Lib.hs] file load error. 'C:\Users\Martin\Dropbox\FIT\Masters\8.semestr\FLP\Fun_project\bkg\flp-fun-xzemek04\src\Lib.hs'
2017-03-23 20:58:26 [ThreadId 37] ERROR phoityne - load file fail.[C:\Users\Martin\Dropbox\FIT\Masters\8.semestr\FLP\Fun_project\bkg\flp-fun-xzemek04\src\Lib.hs] file load error. 'C:\Users\Martin\Dropbox\FIT\Masters\8.semestr\FLP\Fun_project\bkg\flp-fun-xzemek04\src\Lib.hs'
2017-03-23 20:58:28 [ThreadId 38] ERROR phoityne - load file fail.[C:\Users\Martin\Dropbox\FIT\Masters\8.semestr\FLP\Fun_project\bkg\flp-fun-xzemek04\src\Lib.hs] file load error. 'C:\Users\Martin\Dropbox\FIT\Masters\8.semestr\FLP\Fun_project\bkg\flp-fun-xzemek04\src\Lib.hs'
2017-03-23 20:58:30 [ThreadId 39] ERROR phoityne - load file fail.[C:\Users\Martin\Dropbox\FIT\Masters\8.semestr\FLP\Fun_project\bkg\flp-fun-xzemek04\src\Lib.hs] file load error. 'C:\Users\Martin\Dropbox\FIT\Masters\8.semestr\FLP\Fun_project\bkg\flp-fun-xzemek04\src\Lib.hs'
2017-03-23 20:58:43 [ThreadId 40] ERROR phoityne - load file fail.[C:\Users\Martin\Dropbox\FIT\Masters\8.semestr\FLP\Fun_project\bkg\flp-fun-xzemek04\src\Lib.hs] file load error. 'C:\Users\Martin\Dropbox\FIT\Masters\8.semestr\FLP\Fun_project\bkg\flp-fun-xzemek04\src\Lib.hs'
2017-03-23 20:59:00 [ThreadId 41] ERROR phoityne - load file fail.[C:\Users\Martin\Dropbox\FIT\Masters\8.semestr\FLP\Fun_project\bkg\flp-fun-xzemek04\src\Lib.hs] file load error. 'C:\Users\Martin\Dropbox\FIT\Masters\8.semestr\FLP\Fun_project\bkg\flp-fun-xzemek04\src\Lib.hs'
2017-03-23 20:59:19 [ThreadId 43] ERROR phoityne - load file fail.[C:\Users\Martin\Dropbox\FIT\Masters\8.semestr\FLP\Fun_project\bkg\flp-fun-xzemek04\src\Lib.hs] file load error. 'C:\Users\Martin\Dropbox\FIT\Masters\8.semestr\FLP\Fun_project\bkg\flp-fun-xzemek04\src\Lib.hs'
2017-03-23 20:59:28 [ThreadId 44] ERROR phoityne - load file fail.[C:\Users\Martin\Dropbox\FIT\Masters\8.semestr\FLP\Fun_project\bkg\flp-fun-xzemek04\src\Lib.hs] file load error. 'C:\Users\Martin\Dropbox\FIT\Masters\8.semestr\FLP\Fun_project\bkg\flp-fun-xzemek04\src\Lib.hs'
2017-03-23 20:59:30 [ThreadId 45] ERROR phoityne - load file fail.[C:\Users\Martin\Dropbox\FIT\Masters\8.semestr\FLP\Fun_project\bkg\flp-fun-xzemek04\src\Lib.hs] file load error. 'C:\Users\Martin\Dropbox\FIT\Masters\8.semestr\FLP\Fun_project\bkg\flp-fun-xzemek04\src\Lib.hs'
2017-03-23 21:00:03 [ThreadId 46] ERROR phoityne - load file fail.[C:\Users\Martin\Dropbox\FIT\Masters\8.semestr\FLP\Fun_project\bkg\flp-fun-xzemek04\src\Lib.hs] file load error. 'C:\Users\Martin\Dropbox\FIT\Masters\8.semestr\FLP\Fun_project\bkg\flp-fun-xzemek04\src\Lib.hs'
2017-03-23 21:00:04 [ThreadId 47] ERROR phoityne - load file fail.[C:\Users\Martin\Dropbox\FIT\Masters\8.semestr\FLP\Fun_project\bkg\flp-fun-xzemek04\src\Lib.hs] file load error. 'C:\Users\Martin\Dropbox\FIT\Masters\8.semestr\FLP\Fun_project\bkg\flp-fun-xzemek04\src\Lib.hs'
2017-03-23 21:00:19 [ThreadId 48] ERROR phoityne - load file fail.[C:\Users\Martin\Dropbox\FIT\Masters\8.semestr\FLP\Fun_project\bkg\flp-fun-xzemek04\src\Lib.hs] file load error. 'C:\Users\Martin\Dropbox\FIT\Masters\8.semestr\FLP\Fun_project\bkg\flp-fun-xzemek04\src\Lib.hs'
2017-03-23 21:02:36 [ThreadId 49] ERROR phoityne - load file fail.[C:\Users\Martin\Dropbox\FIT\Masters\8.semestr\FLP\Fun_project\bkg\flp-fun-xzemek04\src\Lib.hs] file load error. 'C:\Users\Martin\Dropbox\FIT\Masters\8.semestr\FLP\Fun_project\bkg\flp-fun-xzemek04\src\Lib.hs'
2017-03-23 21:02:38 [ThreadId 50] ERROR phoityne - load file fail.[C:\Users\Martin\Dropbox\FIT\Masters\8.semestr\FLP\Fun_project\bkg\flp-fun-xzemek04\src\Lib.hs] file load error. 'C:\Users\Martin\Dropbox\FIT\Masters\8.semestr\FLP\Fun_project\bkg\flp-fun-xzemek04\src\Lib.hs'
2017-03-23 21:02:40 [ThreadId 51] ERROR phoityne - load file fail.[C:\Users\Martin\Dropbox\FIT\Masters\8.semestr\FLP\Fun_project\bkg\flp-fun-xzemek04\src\Lib.hs] file load error. 'C:\Users\Martin\Dropbox\FIT\Masters\8.semestr\FLP\Fun_project\bkg\flp-fun-xzemek04\src\Lib.hs'
2017-03-23 21:03:04 [ThreadId 52] ERROR phoityne - load file fail.[C:\Users\Martin\Dropbox\FIT\Masters\8.semestr\FLP\Fun_project\bkg\flp-fun-xzemek04\src\Lib.hs] file load error. 'C:\Users\Martin\Dropbox\FIT\Masters\8.semestr\FLP\Fun_project\bkg\flp-fun-xzemek04\src\Lib.hs'
2017-03-23 21:03:33 [ThreadId 53] ERROR phoityne - load file fail.[C:\Users\Martin\Dropbox\FIT\Masters\8.semestr\FLP\Fun_project\bkg\flp-fun-xzemek04\src\Lib.hs] file load error. 'C:\Users\Martin\Dropbox\FIT\Masters\8.semestr\FLP\Fun_project\bkg\flp-fun-xzemek04\src\Lib.hs'
2017-03-23 21:03:39 [ThreadId 54] ERROR phoityne - load file fail.[C:\Users\Martin\Dropbox\FIT\Masters\8.semestr\FLP\Fun_project\bkg\flp-fun-xzemek04\src\Lib.hs] file load error. 'C:\Users\Martin\Dropbox\FIT\Masters\8.semestr\FLP\Fun_project\bkg\flp-fun-xzemek04\src\Lib.hs'
2017-03-23 21:03:54 [ThreadId 55] ERROR phoityne - load file fail.[C:\Users\Martin\Dropbox\FIT\Masters\8.semestr\FLP\Fun_project\bkg\flp-fun-xzemek04\src\Lib.hs] file load error. 'C:\Users\Martin\Dropbox\FIT\Masters\8.semestr\FLP\Fun_project\bkg\flp-fun-xzemek04\src\Lib.hs'
2017-03-23 21:04:43 [ThreadId 56] ERROR phoityne - load file fail.[C:\Users\Martin\Dropbox\FIT\Masters\8.semestr\FLP\Fun_project\bkg\flp-fun-xzemek04\src\Lib.hs] file load error. 'C:\Users\Martin\Dropbox\FIT\Masters\8.semestr\FLP\Fun_project\bkg\flp-fun-xzemek04\src\Lib.hs'
2017-03-23 21:04:51 [ThreadId 57] ERROR phoityne - load file fail.[C:\Users\Martin\Dropbox\FIT\Masters\8.semestr\FLP\Fun_project\bkg\flp-fun-xzemek04\src\Lib.hs] file load error. 'C:\Users\Martin\Dropbox\FIT\Masters\8.semestr\FLP\Fun_project\bkg\flp-fun-xzemek04\src\Lib.hs'
2017-03-23 21:04:52 [ThreadId 58] ERROR phoityne - load file fail.[C:\Users\Martin\Dropbox\FIT\Masters\8.semestr\FLP\Fun_project\bkg\flp-fun-xzemek04\src\Lib.hs] file load error. 'C:\Users\Martin\Dropbox\FIT\Masters\8.semestr\FLP\Fun_project\bkg\flp-fun-xzemek04\src\Lib.hs'
2017-03-23 21:04:56 [ThreadId 59] ERROR phoityne - load file fail.[C:\Users\Martin\Dropbox\FIT\Masters\8.semestr\FLP\Fun_project\bkg\flp-fun-xzemek04\src\Lib.hs] file load error. 'C:\Users\Martin\Dropbox\FIT\Masters\8.semestr\FLP\Fun_project\bkg\flp-fun-xzemek04\src\Lib.hs'
2017-03-23 21:05:50 [ThreadId 3] ERROR phoityne - "error: * Variable not in scope: opts * Perhaps you meant data constructor `Opts' (line 7)"
2017-03-23 21:05:56 [ThreadId 3] ERROR phoityne - "error: * Variable not in scope: opts * Perhaps you meant data constructor `Opts' (line 7)"
2017-03-23 21:06:08 [ThreadId 62] ERROR phoityne - load file fail.[C:\Users\Martin\Dropbox\FIT\Masters\8.semestr\FLP\Fun_project\bkg\flp-fun-xzemek04\src\Lib.hs] file load error. 'C:\Users\Martin\Dropbox\FIT\Masters\8.semestr\FLP\Fun_project\bkg\flp-fun-xzemek04\src\Lib.hs'
2017-03-23 21:07:01 [ThreadId 3] ERROR phoityne - "error: * Variable not in scope: opts * Perhaps you meant data constructor `Opts' (line 7)"
2017-03-23 21:07:21 [ThreadId 3] ERROR phoityne - "error: * Variable not in scope: opts * Perhaps you meant data constructor `Opts' (line 7)"
2017-03-23 21:07:32 [ThreadId 3] ERROR phoityne - "error: * Variable not in scope: opts * Perhaps you meant data constructor `Opts' (line 7)"
2017-03-23 21:07:34 [ThreadId 3] ERROR phoityne - "error: * Variable not in scope: opts * Perhaps you meant data constructor `Opts' (line 7)"
2017-03-23 21:07:38 [ThreadId 3] ERROR phoityne - "error: * Variable not in scope: opts * Perhaps you meant data constructor `Opts' (line 7)"
2017-03-23 21:07:50 [ThreadId 3] ERROR phoityne - "error: * Variable not in scope: opts * Perhaps you meant data constructor `Opts' (line 7)"
2017-03-23 21:08:07 [ThreadId 3] ERROR phoityne - "error: * Variable not in scope: opts * Perhaps you meant data constructor `Opts' (line 7)"
2017-03-23 21:08:43 [ThreadId 3] ERROR phoityne - "error: * Variable not in scope: opts * Perhaps you meant data constructor `Opts' (line 7)"
2017-03-23 21:08:49 [ThreadId 3] ERROR phoityne - "error: * Variable not in scope: opts * Perhaps you meant data constructor `Opts' (line 7)"
2017-03-23 21:09:27 [ThreadId 3] ERROR phoityne - "error: * Variable not in scope: opts * Perhaps you meant data constructor `Opts' (line 7)"
2017-03-23 21:09:33 [ThreadId 3] ERROR phoityne - "error: * Variable not in scope: opts * Perhaps you meant data constructor `Opts' (line 7)"
2017-03-23 21:09:48 [ThreadId 3] ERROR phoityne - "error: * Variable not in scope: opts * Perhaps you meant data constructor `Opts' (line 7)"
2017-03-23 21:10:01 [ThreadId 3] ERROR phoityne - "error: * Variable not in scope: opts * Perhaps you meant data constructor `Opts' (line 7)"
2017-03-23 21:10:05 [ThreadId 3] ERROR phoityne - "error: * Variable not in scope: opts * Perhaps you meant data constructor `Opts' (line 7)"
2017-03-23 21:10:11 [ThreadId 3] ERROR phoityne - "error: * Variable not in scope: opts * Perhaps you meant data constructor `Opts' (line 7)"
2017-03-23 21:10:23 [ThreadId 69] ERROR phoityne - load file fail.[C:\Users\Martin\Dropbox\FIT\Masters\8.semestr\FLP\Fun_project\bkg\flp-fun-xzemek04\src\Lib.hs] file load error. 'C:\Users\Martin\Dropbox\FIT\Masters\8.semestr\FLP\Fun_project\bkg\flp-fun-xzemek04\src\Lib.hs'
2017-03-23 21:10:41 [ThreadId 3] ERROR phoityne - "error: * Variable not in scope: opts * Perhaps you meant data constructor `Opts' (line 7)"
2017-03-23 21:10:52 [ThreadId 3] ERROR phoityne - "error: * Variable not in scope: opts * Perhaps you meant data constructor `Opts' (line 7)"
2017-03-23 21:13:40 [ThreadId 73] ERROR phoityne - load file fail.[C:\Users\Martin\Dropbox\FIT\Masters\8.semestr\FLP\Fun_project\bkg\flp-fun-xzemek04\src\Lib.hs] file load error. 'C:\Users\Martin\Dropbox\FIT\Masters\8.semestr\FLP\Fun_project\bkg\flp-fun-xzemek04\src\Lib.hs'
2017-03-23 21:13:47 [ThreadId 74] ERROR phoityne - load file fail.[C:\Users\Martin\Dropbox\FIT\Masters\8.semestr\FLP\Fun_project\bkg\flp-fun-xzemek04\src\Lib.hs] file load error. 'C:\Users\Martin\Dropbox\FIT\Masters\8.semestr\FLP\Fun_project\bkg\flp-fun-xzemek04\src\Lib.hs'
2017-03-23 21:14:01 [ThreadId 77] ERROR phoityne - load file fail.[C:\Users\Martin\Dropbox\FIT\Masters\8.semestr\FLP\Fun_project\bkg\flp-fun-xzemek04\src\Lib.hs] file load error. 'C:\Users\Martin\Dropbox\FIT\Masters\8.semestr\FLP\Fun_project\bkg\flp-fun-xzemek04\src\Lib.hs'
2017-03-23 21:14:04 [ThreadId 78] ERROR phoityne - load file fail.[C:\Users\Martin\Dropbox\FIT\Masters\8.semestr\FLP\Fun_project\bkg\flp-fun-xzemek04\src\Lib.hs] file load error. 'C:\Users\Martin\Dropbox\FIT\Masters\8.semestr\FLP\Fun_project\bkg\flp-fun-xzemek04\src\Lib.hs'
2017-03-23 21:14:09 [ThreadId 79] ERROR phoityne - load file fail.[C:\Users\Martin\Dropbox\FIT\Masters\8.semestr\FLP\Fun_project\bkg\flp-fun-xzemek04\src\Lib.hs] file load error. 'C:\Users\Martin\Dropbox\FIT\Masters\8.semestr\FLP\Fun_project\bkg\flp-fun-xzemek04\src\Lib.hs'
2017-03-23 21:14:19 [ThreadId 80] ERROR phoityne - load file fail.[C:\Users\Martin\Dropbox\FIT\Masters\8.semestr\FLP\Fun_project\bkg\flp-fun-xzemek04\src\Lib.hs] file load error. 'C:\Users\Martin\Dropbox\FIT\Masters\8.semestr\FLP\Fun_project\bkg\flp-fun-xzemek04\src\Lib.hs'
2017-03-23 21:17:37 [ThreadId 84] ERROR phoityne - load file fail.[C:\Users\Martin\Dropbox\FIT\Masters\8.semestr\FLP\Fun_project\bkg\flp-fun-xzemek04\src\Lib.hs] file load error. 'C:\Users\Martin\Dropbox\FIT\Masters\8.semestr\FLP\Fun_project\bkg\flp-fun-xzemek04\src\Lib.hs'
2017-03-23 21:20:43 [ThreadId 88] ERROR phoityne - load file fail.[C:\Users\Martin\Dropbox\FIT\Masters\8.semestr\FLP\Fun_project\bkg\flp-fun-xzemek04\src\Lib.hs] file load error. 'C:\Users\Martin\Dropbox\FIT\Masters\8.semestr\FLP\Fun_project\bkg\flp-fun-xzemek04\src\Lib.hs'
2017-03-23 21:21:31 [ThreadId 90] ERROR phoityne - load file fail.[C:\Users\Martin\Dropbox\FIT\Masters\8.semestr\FLP\Fun_project\bkg\flp-fun-xzemek04\src\Lib.hs] file load error. 'C:\Users\Martin\Dropbox\FIT\Masters\8.semestr\FLP\Fun_project\bkg\flp-fun-xzemek04\src\Lib.hs'
2017-03-23 21:23:22 [ThreadId 91] ERROR phoityne - load file fail.[C:\Users\Martin\Dropbox\FIT\Masters\8.semestr\FLP\Fun_project\bkg\flp-fun-xzemek04\src\Lib.hs] file load error. 'C:\Users\Martin\Dropbox\FIT\Masters\8.semestr\FLP\Fun_project\bkg\flp-fun-xzemek04\src\Lib.hs'
2017-03-23 21:23:56 [ThreadId 92] ERROR phoityne - load file fail.[C:\Users\Martin\Dropbox\FIT\Masters\8.semestr\FLP\Fun_project\bkg\flp-fun-xzemek04\src\Lib.hs] file load error. 'C:\Users\Martin\Dropbox\FIT\Masters\8.semestr\FLP\Fun_project\bkg\flp-fun-xzemek04\src\Lib.hs'
2017-03-23 21:24:03 [ThreadId 93] ERROR phoityne - load file fail.[C:\Users\Martin\Dropbox\FIT\Masters\8.semestr\FLP\Fun_project\bkg\flp-fun-xzemek04\src\Lib.hs] file load error. 'C:\Users\Martin\Dropbox\FIT\Masters\8.semestr\FLP\Fun_project\bkg\flp-fun-xzemek04\src\Lib.hs'
2017-03-23 21:24:09 [ThreadId 94] ERROR phoityne - load file fail.[C:\Users\Martin\Dropbox\FIT\Masters\8.semestr\FLP\Fun_project\bkg\flp-fun-xzemek04\src\Lib.hs] file load error. 'C:\Users\Martin\Dropbox\FIT\Masters\8.semestr\FLP\Fun_project\bkg\flp-fun-xzemek04\src\Lib.hs'
2017-03-23 21:24:19 [ThreadId 95] ERROR phoityne - load file fail.[C:\Users\Martin\Dropbox\FIT\Masters\8.semestr\FLP\Fun_project\bkg\flp-fun-xzemek04\src\Lib.hs] file load error. 'C:\Users\Martin\Dropbox\FIT\Masters\8.semestr\FLP\Fun_project\bkg\flp-fun-xzemek04\src\Lib.hs'
2017-03-23 21:24:55 [ThreadId 96] ERROR phoityne - load file fail.[C:\Users\Martin\Dropbox\FIT\Masters\8.semestr\FLP\Fun_project\bkg\flp-fun-xzemek04\src\Lib.hs] file load error. 'C:\Users\Martin\Dropbox\FIT\Masters\8.semestr\FLP\Fun_project\bkg\flp-fun-xzemek04\src\Lib.hs'
2017-03-23 21:27:02 [ThreadId 97] ERROR phoityne - load file fail.[C:\Users\Martin\Dropbox\FIT\Masters\8.semestr\FLP\Fun_project\bkg\flp-fun-xzemek04\src\Lib.hs] file load error. 'C:\Users\Martin\Dropbox\FIT\Masters\8.semestr\FLP\Fun_project\bkg\flp-fun-xzemek04\src\Lib.hs'
2017-03-23 21:27:17 [ThreadId 98] ERROR phoityne - load file fail.[C:\Users\Martin\Dropbox\FIT\Masters\8.semestr\FLP\Fun_project\bkg\flp-fun-xzemek04\src\Lib.hs] file load error. 'C:\Users\Martin\Dropbox\FIT\Masters\8.semestr\FLP\Fun_project\bkg\flp-fun-xzemek04\src\Lib.hs'
2017-03-23 21:27:19 [ThreadId 99] ERROR phoityne - load file fail.[C:\Users\Martin\Dropbox\FIT\Masters\8.semestr\FLP\Fun_project\bkg\flp-fun-xzemek04\src\Lib.hs] file load error. 'C:\Users\Martin\Dropbox\FIT\Masters\8.semestr\FLP\Fun_project\bkg\flp-fun-xzemek04\src\Lib.hs'
2017-03-23 21:27:27 [ThreadId 3] ERROR phoityne - "error: * Variable not in scope: opts * Perhaps you meant data constructor `Opts' (line 15)"
2017-03-23 21:27:27 [ThreadId 3] ERROR phoityne - "error: * Variable not in scope: opts * Perhaps you meant data constructor `Opts' (line 15)"
2017-03-23 21:27:35 [ThreadId 3] ERROR phoityne - "error: * Variable not in scope: opts * Perhaps you meant data constructor `Opts' (line 15)"
2017-03-23 21:27:48 [ThreadId 3] ERROR phoityne - "error: * Variable not in scope: opts * Perhaps you meant data constructor `Opts' (line 15)"
2017-03-23 21:30:51 [ThreadId 3] ERROR phoityne - "error: * Variable not in scope: opts * Perhaps you meant data constructor `Opts' (line 15)"
2017-03-23 21:32:21 [ThreadId 3] ERROR phoityne - "error: * Variable not in scope: opts * Perhaps you meant data constructor `Opts' (line 15)"
2017-03-23 21:34:59 [ThreadId 3] ERROR phoityne - "error: * Variable not in scope: opts * Perhaps you meant data constructor `Opts' (line 15)"
